#
# There is insufficient memory for the Java Runtime Environment to continue.
# Native memory allocation (malloc) failed to allocate 1564656 bytes for Chunk::new
# Possible reasons:
#   The system is out of physical RAM or swap space
#   In 32 bit mode, the process size limit was hit
# Possible solutions:
#   Reduce memory load on the system
#   Increase physical memory or swap space
#   Check if swap backing store is full
#   Use 64 bit Java on a 64 bit OS
#   Decrease Java heap size (-Xmx/-Xms)
#   Decrease number of Java threads
#   Decrease Java thread stack sizes (-Xss)
#   Set larger code cache with -XX:ReservedCodeCacheSize=
# This output file may be truncated or incomplete.
#
#  Out of Memory Error (allocation.cpp:390), pid=5396, tid=8656
#
# JRE version: Java(TM) SE Runtime Environment (8.0_65-b17) (build 1.8.0_65-b17)
# Java VM: Java HotSpot(TM) 64-Bit Server VM (25.65-b01 mixed mode windows-amd64 compressed oops)
# Failed to write core dump. Minidumps are not enabled by default on client versions of Windows
#

---------------  T H R E A D  ---------------

Current thread (0x0000000054d61000):  JavaThread "C2 CompilerThread0" daemon [_thread_in_native, id=8656, stack(0x00000000565f0000,0x00000000566f0000)]

Stack: [0x00000000565f0000,0x00000000566f0000]
[error occurred during error reporting (printing stack bounds), id 0xc0000005]

Native frames: (J=compiled Java code, j=interpreted, Vv=VM code, C=native code)


Current CompileTask:
C2:   9314 3653       4       org.codehaus.groovy.control.ResolveVisitor::resolveFromModule (566 bytes)


---------------  P R O C E S S  ---------------

Java Threads: ( => current thread )
  0x0000000058909000 JavaThread "File lock request listener" [_thread_in_native, id=8796, stack(0x000000005ab60000,0x000000005ac60000)]
  0x0000000057f95800 JavaThread "Stdin handler" [_thread_blocked, id=3524, stack(0x0000000059430000,0x0000000059530000)]
  0x0000000057fe2800 JavaThread "Daemon worker" [_thread_in_vm, id=6924, stack(0x0000000056330000,0x0000000056430000)]
  0x0000000057ff8000 JavaThread "Cancel handler" [_thread_blocked, id=8320, stack(0x0000000059280000,0x0000000059380000)]
  0x0000000057e9d000 JavaThread "Handler for socket connection from /127.0.0.1:14412 to /127.0.0.1:14413" [_thread_in_native, id=8148, stack(0x0000000059010000,0x0000000059110000)]
  0x0000000057ead800 JavaThread "Daemon" [_thread_blocked, id=9212, stack(0x00000000589c0000,0x0000000058ac0000)]
  0x0000000057f1b000 JavaThread "Incoming local TCP Connector on port 14412" [_thread_in_native, id=7720, stack(0x0000000058cf0000,0x0000000058df0000)]
  0x0000000056771800 JavaThread "Service Thread" daemon [_thread_blocked, id=8644, stack(0x0000000056f40000,0x0000000057040000)]
  0x0000000054d69000 JavaThread "C1 CompilerThread2" daemon [_thread_blocked, id=6680, stack(0x0000000056b80000,0x0000000056c80000)]
  0x0000000054d68800 JavaThread "C2 CompilerThread1" daemon [_thread_in_native, id=6328, stack(0x0000000056ca0000,0x0000000056da0000)]
=>0x0000000054d61000 JavaThread "C2 CompilerThread0" daemon [_thread_in_native, id=8656, stack(0x00000000565f0000,0x00000000566f0000)]
  0x0000000054d5e800 JavaThread "Attach Listener" daemon [_thread_blocked, id=9028, stack(0x0000000056440000,0x0000000056540000)]
  0x0000000054d6c800 JavaThread "Signal Dispatcher" daemon [_thread_blocked, id=1548, stack(0x0000000056220000,0x0000000056320000)]
  0x0000000054d07800 JavaThread "Finalizer" daemon [_thread_blocked, id=2920, stack(0x00000000560b0000,0x00000000561b0000)]
  0x0000000054d00800 JavaThread "Reference Handler" daemon [_thread_blocked, id=8904, stack(0x0000000055ce0000,0x0000000055de0000)]
  0x0000000001d8f000 JavaThread "main" [_thread_blocked, id=8892, stack(0x0000000001ff0000,0x00000000020f0000)]

Other Threads:
  0x0000000054cfb000 VMThread [stack: 0x0000000055e10000,0x0000000055f10000] [id=1036]
  0x0000000056791800 WatcherThread [stack: 0x0000000057070000,0x0000000057170000] [id=7316]

VM state:not at safepoint (normal execution)

VM Mutex/Monitor currently owned by a thread: None

Heap:
 PSYoungGen      total 116736K, used 35391K [0x00000000eab00000, 0x00000000f2900000, 0x0000000100000000)
  eden space 105984K, 33% used [0x00000000eab00000,0x00000000ecd8fee0,0x00000000f1280000)
  from space 10752K, 0% used [0x00000000f1c80000,0x00000000f1c80000,0x00000000f2700000)
  to   space 10240K, 0% used [0x00000000f1280000,0x00000000f1280000,0x00000000f1c80000)
 ParOldGen       total 64000K, used 20195K [0x00000000c0000000, 0x00000000c3e80000, 0x00000000eab00000)
  object space 64000K, 31% used [0x00000000c0000000,0x00000000c13b8df0,0x00000000c3e80000)
 Metaspace       used 35993K, capacity 37010K, committed 37208K, reserved 1081344K
  class space    used 4699K, capacity 5128K, committed 5208K, reserved 1048576K

Card table byte_map: [0x0000000011780000,0x0000000011990000] byte_map_base: 0x0000000011180000

Marking Bits: (ParMarkBitMap*) 0x000000006fe7a5b0
 Begin Bits: [0x0000000012170000, 0x0000000013170000)
 End Bits:   [0x0000000013170000, 0x0000000014170000)

Polling page: 0x0000000000430000

CodeCache: size=245760Kb used=12823Kb max_used=13343Kb free=232936Kb
 bounds [0x00000000023c0000, 0x00000000030f0000, 0x00000000113c0000]
 total_blobs=4204 nmethods=3512 adapters=603
 compilation: enabled

Compilation events (10 events):
Event: 9.303 Thread 0x0000000054d69000 nmethod 3876 0x00000000025c7590 code [0x00000000025c7700, 0x00000000025c79a8]
Event: 9.305 Thread 0x0000000054d69000 3877       2       org.objectweb.asm.FieldWriter::a (262 bytes)
Event: 9.306 Thread 0x0000000054d69000 nmethod 3877 0x0000000002b7bb10 code [0x0000000002b7bd20, 0x0000000002b7c3c8]
Event: 9.306 Thread 0x0000000054d69000 3878       1       org.apache.commons.collections.map.AbstractReferenceMap::access$000 (5 bytes)
Event: 9.306 Thread 0x0000000054d69000 nmethod 3878 0x0000000002a45b90 code [0x0000000002a45ce0, 0x0000000002a45dd0]
Event: 9.306 Thread 0x0000000054d69000 3879       2       org.objectweb.asm.Edge::<init> (5 bytes)
Event: 9.306 Thread 0x0000000054d69000 nmethod 3879 0x000000000279f2d0 code [0x000000000279f420, 0x000000000279f570]
Event: 9.306 Thread 0x0000000054d69000 3880       2       org.objectweb.asm.FieldVisitor::<init> (35 bytes)
Event: 9.306 Thread 0x0000000054d69000 nmethod 3880 0x0000000002530cd0 code [0x0000000002530e40, 0x0000000002531068]
Event: 9.313 Thread 0x0000000054d69000 3881       2       sun.reflect.annotation.AnnotationParser$1::run (5 bytes)

GC Heap History (10 events):
Event: 6.662 GC heap before
{Heap before GC invocations=12 (full 1):
 PSYoungGen      total 116736K, used 109568K [0x00000000eab00000, 0x00000000f2900000, 0x0000000100000000)
  eden space 105984K, 100% used [0x00000000eab00000,0x00000000f1280000,0x00000000f1280000)
  from space 10752K, 33% used [0x00000000f1c80000,0x00000000f2000030,0x00000000f2700000)
  to   space 10240K, 0% used [0x00000000f1280000,0x00000000f1280000,0x00000000f1c80000)
 ParOldGen       total 64000K, used 8704K [0x00000000c0000000, 0x00000000c3e80000, 0x00000000eab00000)
  object space 64000K, 13% used [0x00000000c0000000,0x00000000c0880270,0x00000000c3e80000)
 Metaspace       used 31369K, capacity 32460K, committed 32640K, reserved 1077248K
  class space    used 4061K, capacity 4466K, committed 4480K, reserved 1048576K
Event: 6.676 GC heap after
Heap after GC invocations=12 (full 1):
 PSYoungGen      total 116224K, used 10236K [0x00000000eab00000, 0x00000000f2900000, 0x0000000100000000)
  eden space 105984K, 0% used [0x00000000eab00000,0x00000000eab00000,0x00000000f1280000)
  from space 10240K, 99% used [0x00000000f1280000,0x00000000f1c7f390,0x00000000f1c80000)
  to   space 10752K, 0% used [0x00000000f1c80000,0x00000000f1c80000,0x00000000f2700000)
 ParOldGen       total 64000K, used 11035K [0x00000000c0000000, 0x00000000c3e80000, 0x00000000eab00000)
  object space 64000K, 17% used [0x00000000c0000000,0x00000000c0ac6e60,0x00000000c3e80000)
 Metaspace       used 31369K, capacity 32460K, committed 32640K, reserved 1077248K
  class space    used 4061K, capacity 4466K, committed 4480K, reserved 1048576K
}
Event: 8.197 GC heap before
{Heap before GC invocations=13 (full 1):
 PSYoungGen      total 116224K, used 116220K [0x00000000eab00000, 0x00000000f2900000, 0x0000000100000000)
  eden space 105984K, 100% used [0x00000000eab00000,0x00000000f1280000,0x00000000f1280000)
  from space 10240K, 99% used [0x00000000f1280000,0x00000000f1c7f390,0x00000000f1c80000)
  to   space 10752K, 0% used [0x00000000f1c80000,0x00000000f1c80000,0x00000000f2700000)
 ParOldGen       total 64000K, used 11035K [0x00000000c0000000, 0x00000000c3e80000, 0x00000000eab00000)
  object space 64000K, 17% used [0x00000000c0000000,0x00000000c0ac6e60,0x00000000c3e80000)
 Metaspace       used 31992K, capacity 33194K, committed 33280K, reserved 1077248K
  class space    used 4129K, capacity 4598K, committed 4608K, reserved 1048576K
Event: 8.213 GC heap after
Heap after GC invocations=13 (full 1):
 PSYoungGen      total 116736K, used 7468K [0x00000000eab00000, 0x00000000f2900000, 0x0000000100000000)
  eden space 105984K, 0% used [0x00000000eab00000,0x00000000eab00000,0x00000000f1280000)
  from space 10752K, 69% used [0x00000000f1c80000,0x00000000f23cb318,0x00000000f2700000)
  to   space 10240K, 0% used [0x00000000f1280000,0x00000000f1280000,0x00000000f1c80000)
 ParOldGen       total 64000K, used 13719K [0x00000000c0000000, 0x00000000c3e80000, 0x00000000eab00000)
  object space 64000K, 21% used [0x00000000c0000000,0x00000000c0d65ce8,0x00000000c3e80000)
 Metaspace       used 31992K, capacity 33194K, committed 33280K, reserved 1077248K
  class space    used 4129K, capacity 4598K, committed 4608K, reserved 1048576K
}
Event: 8.475 GC heap before
{Heap before GC invocations=14 (full 1):
 PSYoungGen      total 116736K, used 113452K [0x00000000eab00000, 0x00000000f2900000, 0x0000000100000000)
  eden space 105984K, 100% used [0x00000000eab00000,0x00000000f1280000,0x00000000f1280000)
  from space 10752K, 69% used [0x00000000f1c80000,0x00000000f23cb318,0x00000000f2700000)
  to   space 10240K, 0% used [0x00000000f1280000,0x00000000f1280000,0x00000000f1c80000)
 ParOldGen       total 64000K, used 13719K [0x00000000c0000000, 0x00000000c3e80000, 0x00000000eab00000)
  object space 64000K, 21% used [0x00000000c0000000,0x00000000c0d65ce8,0x00000000c3e80000)
 Metaspace       used 31992K, capacity 33194K, committed 33280K, reserved 1077248K
  class space    used 4129K, capacity 4598K, committed 4608K, reserved 1048576K
Event: 8.487 GC heap after
Heap after GC invocations=14 (full 1):
 PSYoungGen      total 116224K, used 2240K [0x00000000eab00000, 0x00000000f2900000, 0x0000000100000000)
  eden space 105984K, 0% used [0x00000000eab00000,0x00000000eab00000,0x00000000f1280000)
  from space 10240K, 21% used [0x00000000f1280000,0x00000000f14b0000,0x00000000f1c80000)
  to   space 10752K, 0% used [0x00000000f1c80000,0x00000000f1c80000,0x00000000f2700000)
 ParOldGen       total 64000K, used 19107K [0x00000000c0000000, 0x00000000c3e80000, 0x00000000eab00000)
  object space 64000K, 29% used [0x00000000c0000000,0x00000000c12a8da8,0x00000000c3e80000)
 Metaspace       used 31992K, capacity 33194K, committed 33280K, reserved 1077248K
  class space    used 4129K, capacity 4598K, committed 4608K, reserved 1048576K
}
Event: 8.865 GC heap before
{Heap before GC invocations=15 (full 1):
 PSYoungGen      total 116224K, used 59082K [0x00000000eab00000, 0x00000000f2900000, 0x0000000100000000)
  eden space 105984K, 53% used [0x00000000eab00000,0x00000000ee282970,0x00000000f1280000)
  from space 10240K, 21% used [0x00000000f1280000,0x00000000f14b0000,0x00000000f1c80000)
  to   space 10752K, 0% used [0x00000000f1c80000,0x00000000f1c80000,0x00000000f2700000)
 ParOldGen       total 64000K, used 19107K [0x00000000c0000000, 0x00000000c3e80000, 0x00000000eab00000)
  object space 64000K, 29% used [0x00000000c0000000,0x00000000c12a8da8,0x00000000c3e80000)
 Metaspace       used 34104K, capacity 35344K, committed 35416K, reserved 1079296K
  class space    used 4416K, capacity 4904K, committed 4952K, reserved 1048576K
Event: 8.884 GC heap after
Heap after GC invocations=15 (full 1):
 PSYoungGen      total 116736K, used 3477K [0x00000000eab00000, 0x00000000f2900000, 0x0000000100000000)
  eden space 105984K, 0% used [0x00000000eab00000,0x00000000eab00000,0x00000000f1280000)
  from space 10752K, 32% used [0x00000000f1c80000,0x00000000f1fe5458,0x00000000f2700000)
  to   space 10240K, 0% used [0x00000000f1280000,0x00000000f1280000,0x00000000f1c80000)
 ParOldGen       total 64000K, used 21155K [0x00000000c0000000, 0x00000000c3e80000, 0x00000000eab00000)
  object space 64000K, 33% used [0x00000000c0000000,0x00000000c14a8de8,0x00000000c3e80000)
 Metaspace       used 34104K, capacity 35344K, committed 35416K, reserved 1079296K
  class space    used 4416K, capacity 4904K, committed 4952K, reserved 1048576K
}
Event: 8.884 GC heap before
{Heap before GC invocations=16 (full 2):
 PSYoungGen      total 116736K, used 3477K [0x00000000eab00000, 0x00000000f2900000, 0x0000000100000000)
  eden space 105984K, 0% used [0x00000000eab00000,0x00000000eab00000,0x00000000f1280000)
  from space 10752K, 32% used [0x00000000f1c80000,0x00000000f1fe5458,0x00000000f2700000)
  to   space 10240K, 0% used [0x00000000f1280000,0x00000000f1280000,0x00000000f1c80000)
 ParOldGen       total 64000K, used 21155K [0x00000000c0000000, 0x00000000c3e80000, 0x00000000eab00000)
  object space 64000K, 33% used [0x00000000c0000000,0x00000000c14a8de8,0x00000000c3e80000)
 Metaspace       used 34104K, capacity 35344K, committed 35416K, reserved 1079296K
  class space    used 4416K, capacity 4904K, committed 4952K, reserved 1048576K
Event: 8.995 GC heap after
Heap after GC invocations=16 (full 2):
 PSYoungGen      total 116736K, used 0K [0x00000000eab00000, 0x00000000f2900000, 0x0000000100000000)
  eden space 105984K, 0% used [0x00000000eab00000,0x00000000eab00000,0x00000000f1280000)
  from space 10752K, 0% used [0x00000000f1c80000,0x00000000f1c80000,0x00000000f2700000)
  to   space 10240K, 0% used [0x00000000f1280000,0x00000000f1280000,0x00000000f1c80000)
 ParOldGen       total 64000K, used 20195K [0x00000000c0000000, 0x00000000c3e80000, 0x00000000eab00000)
  object space 64000K, 31% used [0x00000000c0000000,0x00000000c13b8df0,0x00000000c3e80000)
 Metaspace       used 33940K, capacity 34882K, committed 35416K, reserved 1079296K
  class space    used 4380K, capacity 4762K, committed 4952K, reserved 1048576K
}

Deoptimization events (10 events):
Event: 8.740 Thread 0x0000000057fe2800 Uncommon trap: reason=unstable_if action=reinterpret pc=0x00000000024c1248 method=groovy.lang.MetaClassImpl.checkIfStdMethod(Lgroovy/lang/MetaMethod;)V @ 79
Event: 8.785 Thread 0x0000000057fe2800 Uncommon trap: reason=bimorphic action=maybe_recompile pc=0x0000000002e49368 method=java.util.Hashtable.get(Ljava/lang/Object;)Ljava/lang/Object; @ 6
Event: 8.785 Thread 0x0000000057fe2800 Uncommon trap: reason=bimorphic action=maybe_recompile pc=0x0000000002e49368 method=java.util.Hashtable.get(Ljava/lang/Object;)Ljava/lang/Object; @ 6
Event: 8.785 Thread 0x0000000057fe2800 Uncommon trap: reason=bimorphic action=maybe_recompile pc=0x0000000002e49368 method=java.util.Hashtable.get(Ljava/lang/Object;)Ljava/lang/Object; @ 6
Event: 8.785 Thread 0x0000000057fe2800 Uncommon trap: reason=bimorphic action=maybe_recompile pc=0x0000000002e49368 method=java.util.Hashtable.get(Ljava/lang/Object;)Ljava/lang/Object; @ 6
Event: 8.800 Thread 0x0000000057fe2800 Uncommon trap: reason=unstable_if action=reinterpret pc=0x0000000002569b14 method=java.lang.String.replace(CC)Ljava/lang/String; @ 2
Event: 8.831 Thread 0x0000000057fe2800 Uncommon trap: reason=unstable_if action=reinterpret pc=0x0000000002ca01c0 method=java.util.Properties$LineReader.readLine()I @ 37
Event: 8.831 Thread 0x0000000057fe2800 Uncommon trap: reason=unstable_if action=reinterpret pc=0x000000000290b2c4 method=java.util.Properties$LineReader.readLine()I @ 105
Event: 8.998 Thread 0x0000000054d07800 Uncommon trap: reason=unstable_if action=reinterpret pc=0x0000000002914214 method=java.lang.ref.ReferenceQueue.poll()Ljava/lang/ref/Reference; @ 4
Event: 9.291 Thread 0x0000000057fe2800 Uncommon trap: reason=unstable_if action=reinterpret pc=0x000000000308261c method=groovy.lang.MetaClassImpl$1MOPIter.processFastArray(Lorg/codehaus/groovy/util/FastArray;)V @ 94

Internal exceptions (10 events):
Event: 9.278 Thread 0x0000000057fe2800 Exception <a 'java/lang/ClassNotFoundException': com/android/builder/core/BuilderConstantsBeanInfo> (0x00000000ec7b9910) thrown at [C:\workspace\8-2-build-windows-amd64-cygwin\jdk8u65\4987\hotspot\src\share\vm\classfile\systemDictionary.cpp, line 210]
Event: 9.278 Thread 0x0000000057fe2800 Exception <a 'java/lang/ClassNotFoundException': com/android/builder/core/BuilderConstantsCustomizer> (0x00000000ec7c6698) thrown at [C:\workspace\8-2-build-windows-amd64-cygwin\jdk8u65\4987\hotspot\src\share\vm\classfile\systemDictionary.cpp, line 210]
Event: 9.292 Thread 0x0000000057fe2800 Exception <a 'java/lang/ClassNotFoundException': com/android/build/gradle/internal/dsl/ProductFlavor_DecoratedBeanInfo> (0x00000000ec9063e0) thrown at [C:\workspace\8-2-build-windows-amd64-cygwin\jdk8u65\4987\hotspot\src\share\vm\classfile\systemDictionary§πÙê¡ï"@
Event: 9.292 Thread 0x0000000057fe2800 Exception <a 'java/lang/ClassNotFoundException': com/android/build/gradle/internal/dsl/ProductFlavorBeanInfo> (0x00000000ec9143b0) thrown at [C:\workspace\8-2-build-windows-amd64-cygwin\jdk8u65\4987\hotspot\src\share\vm\classfile\systemDictionary.cpp, linehπªÁï"@
Event: 9.293 Thread 0x0000000057fe2800 Exception <a 'java/lang/ClassNotFoundException': com/android/builder/core/DefaultProductFlavorBeanInfo> (0x00000000ec921fe8) thrown at [C:\workspace\8-2-build-windows-amd64-cygwin\jdk8u65\4987\hotspot\src\share\vm\classfile\systemDictionary.cpp, line 210]
Event: 9.293 Thread 0x0000000057fe2800 Exception <a 'java/lang/ClassNotFoundException': com/android/builder/internal/BaseConfigImplBeanInfo> (0x00000000ec92f940) thrown at [C:\workspace\8-2-build-windows-amd64-cygwin\jdk8u65\4987\hotspot\src\share\vm\classfile\systemDictionary.cpp, line 210]
Event: 9.293 Thread 0x0000000057fe2800 Exception <a 'java/lang/ClassNotFoundException': com/android/builder/internal/BaseConfigImplCustomizer> (0x00000000ec93d708) thrown at [C:\workspace\8-2-build-windows-amd64-cygwin\jdk8u65\4987\hotspot\src\share\vm\classfile\systemDictionary.cpp, line 210]
Event: 9.294 Thread 0x0000000057fe2800 Exception <a 'java/lang/ClassNotFoundException': com/android/builder/core/DefaultProductFlavorCustomizer> (0x00000000ec973490) thrown at [C:\workspace\8-2-build-windows-amd64-cygwin\jdk8u65\4987\hotspot\src\share\vm\classfile\systemDictionary.cpp, line 210_›ã<ó"@
Event: 9.295 Thread 0x0000000057fe2800 Exception <a 'java/lang/ClassNotFoundException': com/android/build/gradle/internal/dsl/ProductFlavorCustomizer> (0x00000000ec9ad170) thrown at [C:\workspace\8-2-build-windows-amd64-cygwin\jdk8u65\4987\hotspot\src\share\vm\classfile\systemDictionary.cpp, li
Event: 9.298 Thread 0x0000000057fe2800 Exception <a 'java/lang/ClassNotFoundException': com/android/build/gradle/internal/dsl/ProductFlavor_DecoratedCustomizer> (0x00000000eca1c358) thrown at [C:\workspace\8-2-build-windows-amd64-cygwin\jdk8u65\4987\hotspot\src\share\vm\classfile\systemDictionaØÒVé"@

Events (10 events):
Event: 9.307 loading class com/android/tools/lint/detector/api/Severity
Event: 9.307 loading class com/android/tools/lint/detector/api/Severity done
Event: 9.309 loading class com/android/tools/lint/LintCliClient
Event: 9.309 loading class com/android/tools/lint/LintCliClient done
Event: 9.311 loading class com/android/tools/lint/client/api/LintClient
Event: 9.311 loading class com/android/tools/lint/client/api/LintClient done
Event: 9.312 loading class com/android/tools/lint/LintCliFlags
Event: 9.312 loading class com/android/tools/lint/LintCliFlags done
Event: 9.313 loading class org/gradle/api/tasks/InputFile
Event: 9.313 loading class org/gradle/api/tasks/InputFile done


Dynamic libraries:
0x000000013fb80000 - 0x000000013fbb7000 	C:\Program Files\Java\jdk1.8.0_65\bin\java.exe
0x0000000077510000 - 0x00000000776b9000 	C:\Windows\SYSTEM32\ntdll.dll
0x000007fef42c0000 - 0x000007fef42f4000 	C:\Program Files\AVAST Software\Avast\x64\aswhooka.dll
0x00000000773f0000 - 0x0000000077510000 	C:\Windows\system32\kernel32.dll
0x000007fefd330000 - 0x000007fefd39c000 	C:\Windows\system32\KERNELBASE.dll
0x000007fefddd0000 - 0x000007fefdeab000 	C:\Windows\system32\ADVAPI32.dll
0x000007fefdbc0000 - 0x000007fefdc5f000 	C:\Windows\system32\msvcrt.dll
0x000007fefdc70000 - 0x000007fefdc8f000 	C:\Windows\SYSTEM32\sechost.dll
0x000007feff390000 - 0x000007feff4bd000 	C:\Windows\system32\RPCRT4.dll
0x00000000772f0000 - 0x00000000773ea000 	C:\Windows\system32\USER32.dll
0x000007fefdd60000 - 0x000007fefddc7000 	C:\Windows\system32\GDI32.dll
0x000007fefdad0000 - 0x000007fefdade000 	C:\Windows\system32\LPK.dll
0x000007fefdc90000 - 0x000007fefdd59000 	C:\Windows\system32\USP10.dll
0x000007fefbeb0000 - 0x000007fefc0a4000 	C:\Windows\WinSxS\amd64_microsoft.windows.common-controls_6595b64144ccf1df_6.0.7601.18837_none_fa3b1e3d17594757\COMCTL32.dll
0x000007feff310000 - 0x000007feff381000 	C:\Windows\system32\SHLWAPI.dll
0x000007fefe550000 - 0x000007fefe57e000 	C:\Windows\system32\IMM32.DLL
0x000007fefd9c0000 - 0x000007fefdac9000 	C:\Windows\system32\MSCTF.dll
0x000000005be80000 - 0x000000005bf52000 	C:\Program Files\Java\jdk1.8.0_65\jre\bin\msvcr100.dll
0x000000006f670000 - 0x000000006fef9000 	C:\Program Files\Java\jdk1.8.0_65\jre\bin\server\jvm.dll
0x000007fef3b30000 - 0x000007fef3b39000 	C:\Windows\system32\WSOCK32.dll
0x000007feff4c0000 - 0x000007feff50d000 	C:\Windows\system32\WS2_32.dll
0x000007fefdc60000 - 0x000007fefdc68000 	C:\Windows\system32\NSI.dll
0x000007fefa8f0000 - 0x000007fefa92b000 	C:\Windows\system32\WINMM.dll
0x000007fefc3a0000 - 0x000007fefc3ac000 	C:\Windows\system32\VERSION.dll
0x00000000776e0000 - 0x00000000776e7000 	C:\Windows\system32\PSAPI.DLL
0x0000000067ff0000 - 0x0000000067fff000 	C:\Program Files\Java\jdk1.8.0_65\jre\bin\verify.dll
0x0000000067fc0000 - 0x0000000067fe9000 	C:\Program Files\Java\jdk1.8.0_65\jre\bin\java.dll
0x0000000067fa0000 - 0x0000000067fb6000 	C:\Program Files\Java\jdk1.8.0_65\jre\bin\zip.dll
0x000007fefe580000 - 0x000007feff309000 	C:\Windows\system32\SHELL32.dll
0x000007fefd730000 - 0x000007fefd933000 	C:\Windows\system32\ole32.dll
0x000007fefd2c0000 - 0x000007fefd2cf000 	C:\Windows\system32\profapi.dll
0x0000000067cf0000 - 0x0000000067d0a000 	C:\Program Files\Java\jdk1.8.0_65\jre\bin\net.dll
0x000007fefca50000 - 0x000007fefcaa5000 	C:\Windows\system32\mswsock.dll
0x000007fefca40000 - 0x000007fefca47000 	C:\Windows\System32\wship6.dll
0x0000000067cd0000 - 0x0000000067ce1000 	C:\Program Files\Java\jdk1.8.0_65\jre\bin\nio.dll
0x000007feea530000 - 0x000007feea542000 	C:\Users\Simon\.gradle\native\19\windows-amd64\native-platform.dll
0x000007fefa660000 - 0x000007fefa687000 	C:\Windows\system32\IPHLPAPI.DLL
0x000007fefb510000 - 0x000007fefb51b000 	C:\Windows\system32\WINNSI.DLL
0x000007fef9ce0000 - 0x000007fef9cf1000 	C:\Windows\system32\dhcpcsvc6.DLL
0x000007fef9cc0000 - 0x000007fef9cd8000 	C:\Windows\system32\dhcpcsvc.DLL
0x000007fefcab0000 - 0x000007fefcac8000 	C:\Windows\system32\CRYPTSP.dll
0x000007fefc7b0000 - 0x000007fefc7f7000 	C:\Windows\system32\rsaenh.dll
0x000007fefd3b0000 - 0x000007fefd3ce000 	C:\Windows\system32\USERENV.dll
0x000007fefd150000 - 0x000007fefd15f000 	C:\Windows\system32\CRYPTBASE.dll
0x000007fefd0f0000 - 0x000007fefd147000 	C:\Windows\system32\apphelp.dll
0x0000000068000000 - 0x000000006800d000 	C:\Program Files\Java\jdk1.8.0_65\jre\bin\management.dll

VM Arguments:
jvm_args: -XX:MaxPermSize=256m -XX:+HeapDumpOnOutOfMemoryError -Xmx1024m -Dfile.encoding=windows-1252 -Duser.country=US -Duser.language=en -Duser.variant 
java_command: org.gradle.launcher.daemon.bootstrap.GradleDaemon 2.4 C:\Users\Simon\.gradle C:\Users\Simon\.gradle\daemon 10800000 fe6ea396-0212-4ed3-b9c0-5cf2121fc2b7 -XX:MaxPermSize=256m -XX:+HeapDumpOnOutOfMemoryError -Xmx1024m -Dfile.encoding=windows-1252 -Duser.country=US -Duser.language=en -Duser.variant
java_class_path (initial): C:\Users\Simon\.gradle\wrapper\dists\gradle-2.4-all\6r4uqcc6ovnq6ac6s0txzcpc0\gradle-2.4\lib\gradle-launcher-2.4.jar
Launcher Type: SUN_STANDARD

Environment Variables:
JAVA_HOME=C:\Program Files\Java\jdk1.8.0_65
PATH=C:\ProgramData\Oracle\Java\javapath;C:\Windows\system32;C:\Windows;C:\Windows\System32\Wbem;C:\Windows\System32\WindowsPowerShell\v1.0\;C:\Program Files\Microsoft SQL Server\110\Tools\Binn\;C:\Program Files (x86)\Windows Kits\8.0\Windows Performance Toolkit\;C:\Program Files (x86)\nodejs\;C:\Program Files\Git\cmd;C:\Program Files (x86)\Skype\Phone\;C:\Users\Simon\AppData\Roaming\npm
USERNAME=Simon
OS=Windows_NT
PROCESSOR_IDENTIFIER=Intel64 Family 6 Model 60 Stepping 3, GenuineIntel



---------------  S Y S T E M  ---------------

OS: Windows 7 , 64 bit Build 7601 (6.1.7601.19018)

CPU:total 4 (2 cores per cpu, 2 threads per core) family 6 model 60 stepping 3, cmov, cx8, fxsr, mmx, sse, sse2, sse3, ssse3, sse4.1, sse4.2, popcnt, avx, avx2, aes, clmul, erms, lzcnt, ht, tsc, tscinvbit, bmi1, bmi2

Memory: 4k page, physical 8262064k(693804k free), swap 8260228k(5368k free)

vm_info: Java HotSpot(TM) 64-Bit Server VM (25.65-b01) for windows-amd64 JRE (1.8.0_65-b17), built on Oct  6 2015 16:39:20 by "java_re" with MS VC++ 10.0 (VS2010)

time: Fri Dec 15 15:50:18 2017
elapsed time: 9 seconds (0d 0h 0m 9s)

