#
# There is insufficient memory for the Java Runtime Environment to continue.
# Native memory allocation (malloc) failed to allocate 32744 bytes for ChunkPool::allocate
# Possible reasons:
#   The system is out of physical RAM or swap space
#   In 32 bit mode, the process size limit was hit
# Possible solutions:
#   Reduce memory load on the system
#   Increase physical memory or swap space
#   Check if swap backing store is full
#   Use 64 bit Java on a 64 bit OS
#   Decrease Java heap size (-Xmx/-Xms)
#   Decrease number of Java threads
#   Decrease Java thread stack sizes (-Xss)
#   Set larger code cache with -XX:ReservedCodeCacheSize=
# This output file may be truncated or incomplete.
#
#  Out of Memory Error (allocation.cpp:273), pid=8564, tid=7136
#
# JRE version: Java(TM) SE Runtime Environment (8.0_65-b17) (build 1.8.0_65-b17)
# Java VM: Java HotSpot(TM) 64-Bit Server VM (25.65-b01 mixed mode windows-amd64 compressed oops)
# Failed to write core dump. Minidumps are not enabled by default on client versions of Windows
#

---------------  T H R E A D  ---------------

Current thread (0x0000000056317800):  JavaThread "C2 CompilerThread1" daemon [_thread_in_native, id=7136, stack(0x00000000568c0000,0x00000000569c0000)]

Stack: [0x00000000568c0000,0x00000000569c0000]
[error occurred during error reporting (printing stack bounds), id 0xc0000005]

Native frames: (J=compiled Java code, j=interpreted, Vv=VM code, C=native code)


Current CompileTask:
C2:  13745 3847   !   4       com.sun.beans.TypeResolver::resolve (274 bytes)


---------------  P R O C E S S  ---------------

Java Threads: ( => current thread )
  0x0000000057f05800 JavaThread "File lock request listener" [_thread_in_native, id=7716, stack(0x0000000058f00000,0x0000000059000000)]
  0x0000000057f05000 JavaThread "Stdin handler" [_thread_blocked, id=6824, stack(0x00000000595c0000,0x00000000596c0000)]
  0x0000000057f04000 JavaThread "Daemon worker" [_thread_in_vm, id=7288, stack(0x0000000059430000,0x0000000059530000)]
  0x0000000057f03800 JavaThread "Cancel handler" [_thread_blocked, id=3964, stack(0x0000000059210000,0x0000000059310000)]
  0x0000000057d88800 JavaThread "Handler for socket connection from /127.0.0.1:14393 to /127.0.0.1:14394" [_thread_in_native, id=8688, stack(0x0000000059000000,0x0000000059100000)]
  0x0000000057d9d000 JavaThread "Daemon" [_thread_blocked, id=4684, stack(0x0000000058e00000,0x0000000058f00000)]
  0x0000000057ef8000 JavaThread "Incoming local TCP Connector on port 14393" [_thread_in_native, id=8504, stack(0x0000000058ab0000,0x0000000058bb0000)]
  0x0000000054f4f000 JavaThread "Service Thread" daemon [_thread_blocked, id=3744, stack(0x0000000056e30000,0x0000000056f30000)]
  0x0000000056319000 JavaThread "C1 CompilerThread2" daemon [_thread_blocked, id=4952, stack(0x0000000056ca0000,0x0000000056da0000)]
=>0x0000000056317800 JavaThread "C2 CompilerThread1" daemon [_thread_in_native, id=7136, stack(0x00000000568c0000,0x00000000569c0000)]
  0x0000000056312000 JavaThread "C2 CompilerThread0" daemon [_thread_in_native, id=3664, stack(0x00000000569c0000,0x0000000056ac0000)]
  0x0000000056310800 JavaThread "Attach Listener" daemon [_thread_blocked, id=2404, stack(0x00000000560a0000,0x00000000561a0000)]
  0x0000000054f41800 JavaThread "Signal Dispatcher" daemon [_thread_blocked, id=7596, stack(0x0000000056760000,0x0000000056860000)]
  0x0000000054ee9000 JavaThread "Finalizer" daemon [_thread_blocked, id=8788, stack(0x0000000056210000,0x0000000056310000)]
  0x0000000054ee2000 JavaThread "Reference Handler" daemon [_thread_blocked, id=3396, stack(0x0000000055f50000,0x0000000056050000)]
  0x0000000001e6f000 JavaThread "main" [_thread_blocked, id=8460, stack(0x00000000020d0000,0x00000000021d0000)]

Other Threads:
  0x0000000054edc800 VMThread [stack: 0x0000000055df0000,0x0000000055ef0000] [id=1104]
  0x00000000563b7800 WatcherThread [stack: 0x0000000056fb0000,0x00000000570b0000] [id=5224]

VM state:not at safepoint (normal execution)

VM Mutex/Monitor currently owned by a thread: None

Heap:
 PSYoungGen      total 170496K, used 65478K [0x00000000eab00000, 0x00000000f5d00000, 0x0000000100000000)
  eden space 158720K, 41% used [0x00000000eab00000,0x00000000eeaf1b48,0x00000000f4600000)
  from space 11776K, 0% used [0x00000000f4600000,0x00000000f4600000,0x00000000f5180000)
  to   space 10240K, 0% used [0x00000000f5200000,0x00000000f5200000,0x00000000f5c00000)
 ParOldGen       total 91136K, used 20372K [0x00000000c0000000, 0x00000000c5900000, 0x00000000eab00000)
  object space 91136K, 22% used [0x00000000c0000000,0x00000000c13e5358,0x00000000c5900000)
 Metaspace       used 37064K, capacity 38188K, committed 38488K, reserved 1083392K
  class space    used 4889K, capacity 5347K, committed 5464K, reserved 1048576K

Card table byte_map: [0x0000000011860000,0x0000000011a70000] byte_map_base: 0x0000000011260000

Marking Bits: (ParMarkBitMap*) 0x000000006fe7a5b0
 Begin Bits: [0x0000000012350000, 0x0000000013350000)
 End Bits:   [0x0000000013350000, 0x0000000014350000)

Polling page: 0x0000000001b60000

CodeCache: size=245760Kb used=14692Kb max_used=14692Kb free=231067Kb
 bounds [0x00000000024a0000, 0x0000000003310000, 0x00000000114a0000]
 total_blobs=4469 nmethods=3793 adapters=587
 compilation: enabled

Compilation events (10 events):
Event: 13.630 Thread 0x0000000056319000 4020       3       java.util.TreeMap$ValueIterator::<init> (12 bytes)
Event: 13.630 Thread 0x0000000056319000 nmethod 4020 0x00000000032fed50 code [0x00000000032feec0, 0x00000000032ff130]
Event: 13.633 Thread 0x0000000056319000 4021       3       sun.reflect.generics.reflectiveObjects.ParameterizedTypeImpl::equals (81 bytes)
Event: 13.634 Thread 0x0000000056319000 nmethod 4021 0x00000000032ff250 code [0x00000000032ff440, 0x00000000032fffe8]
Event: 13.638 Thread 0x0000000056319000 4023       3       org.gradle.util.CollectionUtils::findFirst (40 bytes)
Event: 13.638 Thread 0x0000000056319000 nmethod 4023 0x0000000003300290 code [0x0000000003300440, 0x0000000003300978]
Event: 13.638 Thread 0x0000000056319000 4024       3       org.gradle.internal.reflect.JavaReflectionUtil$MultiMap::get (32 bytes)
Event: 13.639 Thread 0x0000000056319000 nmethod 4024 0x0000000003300b50 code [0x0000000003300d80, 0x0000000003301bf8]
Event: 13.639 Thread 0x0000000056319000 4025       3       org.gradle.internal.reflect.JavaReflectionUtil$2::<init> (10 bytes)
Event: 13.639 Thread 0x0000000056319000 nmethod 4025 0x0000000003302210 code [0x0000000003302360, 0x0000000003302530]

GC Heap History (10 events):
Event: 5.992 GC heap before
{Heap before GC invocations=9 (full 1):
 PSYoungGen      total 68608K, used 57696K [0x00000000eab00000, 0x00000000f2b80000, 0x0000000100000000)
  eden space 56832K, 100% used [0x00000000eab00000,0x00000000ee280000,0x00000000ee280000)
  from space 11776K, 7% used [0x00000000ee280000,0x00000000ee358040,0x00000000eee00000)
  to   space 11776K, 0% used [0x00000000f2000000,0x00000000f2000000,0x00000000f2b80000)
 ParOldGen       total 65024K, used 8335K [0x00000000c0000000, 0x00000000c3f80000, 0x00000000eab00000)
  object space 65024K, 12% used [0x00000000c0000000,0x00000000c0823f48,0x00000000c3f80000)
 Metaspace       used 23945K, capacity 24678K, committed 24960K, reserved 1071104K
  class space    used 3119K, capacity 3380K, committed 3456K, reserved 1048576K
Event: 6.010 GC heap after
Heap after GC invocations=9 (full 1):
 PSYoungGen      total 115712K, used 4074K [0x00000000eab00000, 0x00000000f2900000, 0x0000000100000000)
  eden space 106496K, 0% used [0x00000000eab00000,0x00000000eab00000,0x00000000f1300000)
  from space 9216K, 44% used [0x00000000f2000000,0x00000000f23fa848,0x00000000f2900000)
  to   space 11264K, 0% used [0x00000000f1300000,0x00000000f1300000,0x00000000f1e00000)
 ParOldGen       total 65024K, used 8343K [0x00000000c0000000, 0x00000000c3f80000, 0x00000000eab00000)
  object space 65024K, 12% used [0x00000000c0000000,0x00000000c0825f48,0x00000000c3f80000)
 Metaspace       used 23945K, capacity 24678K, committed 24960K, reserved 1071104K
  class space    used 3119K, capacity 3380K, committed 3456K, reserved 1048576K
}
Event: 6.854 GC heap before
{Heap before GC invocations=10 (full 1):
 PSYoungGen      total 115712K, used 110570K [0x00000000eab00000, 0x00000000f2900000, 0x0000000100000000)
  eden space 106496K, 100% used [0x00000000eab00000,0x00000000f1300000,0x00000000f1300000)
  from space 9216K, 44% used [0x00000000f2000000,0x00000000f23fa848,0x00000000f2900000)
  to   space 11264K, 0% used [0x00000000f1300000,0x00000000f1300000,0x00000000f1e00000)
 ParOldGen       total 65024K, used 8343K [0x00000000c0000000, 0x00000000c3f80000, 0x00000000eab00000)
  object space 65024K, 12% used [0x00000000c0000000,0x00000000c0825f48,0x00000000c3f80000)
 Metaspace       used 25096K, capacity 25874K, committed 26112K, reserved 1071104K
  class space    used 3289K, capacity 3543K, committed 3584K, reserved 1048576K
Event: 6.863 GC heap after
Heap after GC invocations=10 (full 1):
 PSYoungGen      total 117760K, used 4545K [0x00000000eab00000, 0x00000000f5c00000, 0x0000000100000000)
  eden space 106496K, 0% used [0x00000000eab00000,0x00000000eab00000,0x00000000f1300000)
  from space 11264K, 40% used [0x00000000f1300000,0x00000000f1770440,0x00000000f1e00000)
  to   space 10240K, 0% used [0x00000000f5200000,0x00000000f5200000,0x00000000f5c00000)
 ParOldGen       total 65024K, used 8839K [0x00000000c0000000, 0x00000000c3f80000, 0x00000000eab00000)
  object space 65024K, 13% used [0x00000000c0000000,0x00000000c08a1f88,0x00000000c3f80000)
 Metaspace       used 25096K, capacity 25874K, committed 26112K, reserved 1071104K
  class space    used 3289K, capacity 3543K, committed 3584K, reserved 1048576K
}
Event: 8.516 GC heap before
{Heap before GC invocations=11 (full 1):
 PSYoungGen      total 117760K, used 111041K [0x00000000eab00000, 0x00000000f5c00000, 0x0000000100000000)
  eden space 106496K, 100% used [0x00000000eab00000,0x00000000f1300000,0x00000000f1300000)
  from space 11264K, 40% used [0x00000000f1300000,0x00000000f1770440,0x00000000f1e00000)
  to   space 10240K, 0% used [0x00000000f5200000,0x00000000f5200000,0x00000000f5c00000)
 ParOldGen       total 65024K, used 8839K [0x00000000c0000000, 0x00000000c3f80000, 0x00000000eab00000)
  object space 65024K, 13% used [0x00000000c0000000,0x00000000c08a1f88,0x00000000c3f80000)
 Metaspace       used 29153K, capacity 30226K, committed 30464K, reserved 1075200K
  class space    used 3844K, capacity 4236K, committed 4352K, reserved 1048576K
Event: 8.530 GC heap after
Heap after GC invocations=11 (full 1):
 PSYoungGen      total 168960K, used 8826K [0x00000000eab00000, 0x00000000f5d00000, 0x0000000100000000)
  eden space 158720K, 0% used [0x00000000eab00000,0x00000000eab00000,0x00000000f4600000)
  from space 10240K, 86% used [0x00000000f5200000,0x00000000f5a9eaf0,0x00000000f5c00000)
  to   space 11776K, 0% used [0x00000000f4600000,0x00000000f4600000,0x00000000f5180000)
 ParOldGen       total 65024K, used 10974K [0x00000000c0000000, 0x00000000c3f80000, 0x00000000eab00000)
  object space 65024K, 16% used [0x00000000c0000000,0x00000000c0ab79c0,0x00000000c3f80000)
 Metaspace       used 29153K, capacity 30226K, committed 30464K, reserved 1075200K
  class space    used 3844K, capacity 4236K, committed 4352K, reserved 1048576K
}
Event: 12.890 GC heap before
{Heap before GC invocations=12 (full 1):
 PSYoungGen      total 168960K, used 72636K [0x00000000eab00000, 0x00000000f5d00000, 0x0000000100000000)
  eden space 158720K, 40% used [0x00000000eab00000,0x00000000ee9507a0,0x00000000f4600000)
  from space 10240K, 86% used [0x00000000f5200000,0x00000000f5a9eaf0,0x00000000f5c00000)
  to   space 11776K, 0% used [0x00000000f4600000,0x00000000f4600000,0x00000000f5180000)
 ParOldGen       total 65024K, used 10974K [0x00000000c0000000, 0x00000000c3f80000, 0x00000000eab00000)
  object space 65024K, 16% used [0x00000000c0000000,0x00000000c0ab79c0,0x00000000c3f80000)
 Metaspace       used 34138K, capacity 35326K, committed 35416K, reserved 1079296K
  class space    used 4434K, capacity 4902K, committed 4952K, reserved 1048576K
Event: 12.900 GC heap after
Heap after GC invocations=12 (full 1):
 PSYoungGen      total 170496K, used 6293K [0x00000000eab00000, 0x00000000f5d00000, 0x0000000100000000)
  eden space 158720K, 0% used [0x00000000eab00000,0x00000000eab00000,0x00000000f4600000)
  from space 11776K, 53% used [0x00000000f4600000,0x00000000f4c25678,0x00000000f5180000)
  to   space 10240K, 0% used [0x00000000f5200000,0x00000000f5200000,0x00000000f5c00000)
 ParOldGen       total 65024K, used 16559K [0x00000000c0000000, 0x00000000c3f80000, 0x00000000eab00000)
  object space 65024K, 25% used [0x00000000c0000000,0x00000000c102be80,0x00000000c3f80000)
 Metaspace       used 34138K, capacity 35326K, committed 35416K, reserved 1079296K
  class space    used 4434K, capacity 4902K, committed 4952K, reserved 1048576K
}
Event: 12.900 GC heap before
{Heap before GC invocations=13 (full 2):
 PSYoungGen      total 170496K, used 6293K [0x00000000eab00000, 0x00000000f5d00000, 0x0000000100000000)
  eden space 158720K, 0% used [0x00000000eab00000,0x00000000eab00000,0x00000000f4600000)
  from space 11776K, 53% used [0x00000000f4600000,0x00000000f4c25678,0x00000000f5180000)
  to   space 10240K, 0% used [0x00000000f5200000,0x00000000f5200000,0x00000000f5c00000)
 ParOldGen       total 65024K, used 16559K [0x00000000c0000000, 0x00000000c3f80000, 0x00000000eab00000)
  object space 65024K, 25% used [0x00000000c0000000,0x00000000c102be80,0x00000000c3f80000)
 Metaspace       used 34138K, capacity 35326K, committed 35416K, reserved 1079296K
  class space    used 4434K, capacity 4902K, committed 4952K, reserved 1048576K
Event: 12.984 GC heap after
Heap after GC invocations=13 (full 2):
 PSYoungGen      total 170496K, used 0K [0x00000000eab00000, 0x00000000f5d00000, 0x0000000100000000)
  eden space 158720K, 0% used [0x00000000eab00000,0x00000000eab00000,0x00000000f4600000)
  from space 11776K, 0% used [0x00000000f4600000,0x00000000f4600000,0x00000000f5180000)
  to   space 10240K, 0% used [0x00000000f5200000,0x00000000f5200000,0x00000000f5c00000)
 ParOldGen       total 91136K, used 20372K [0x00000000c0000000, 0x00000000c5900000, 0x00000000eab00000)
  object space 91136K, 22% used [0x00000000c0000000,0x00000000c13e5358,0x00000000c5900000)
 Metaspace       used 34013K, capacity 34978K, committed 35416K, reserved 1079296K
  class space    used 4407K, capacity 4794K, committed 4952K, reserved 1048576K
}

Deoptimization events (10 events):
Event: 12.668 Thread 0x0000000057f04000 Uncommon trap: reason=bimorphic action=maybe_recompile pc=0x0000000002601368 method=java.util.Hashtable.get(Ljava/lang/Object;)Ljava/lang/Object; @ 6
Event: 12.668 Thread 0x0000000057f04000 Uncommon trap: reason=bimorphic action=maybe_recompile pc=0x0000000002601368 method=java.util.Hashtable.get(Ljava/lang/Object;)Ljava/lang/Object; @ 6
Event: 12.685 Thread 0x0000000057f04000 Uncommon trap: reason=unstable_if action=reinterpret pc=0x0000000002644714 method=java.lang.String.replace(CC)Ljava/lang/String; @ 2
Event: 12.703 Thread 0x0000000057f04000 Uncommon trap: reason=unstable_if action=reinterpret pc=0x0000000002efd258 method=org.codehaus.groovy.runtime.metaclass.MetaMethodIndex.copyNonPrivateNonNewMetaMethods(Lorg/codehaus/groovy/runtime/metaclass/MetaMethodIndex$Entry;Lorg/codehaus/groovy/runtim…˜ræª)@
Event: 12.834 Thread 0x0000000057f04000 Uncommon trap: reason=unstable_if action=reinterpret pc=0x0000000002cf4a00 method=java.util.Properties$LineReader.readLine()I @ 37
Event: 12.985 Thread 0x0000000054ee9000 Uncommon trap: reason=unstable_if action=reinterpret pc=0x00000000029d73b4 method=java.util.WeakHashMap.eq(Ljava/lang/Object;Ljava/lang/Object;)Z @ 2
Event: 13.084 Thread 0x0000000057f04000 Uncommon trap: reason=unstable_if action=reinterpret pc=0x000000000317a558 method=java.util.HashMap.putVal(ILjava/lang/Object;Ljava/lang/Object;ZZ)Ljava/lang/Object; @ 206
Event: 13.206 Thread 0x0000000057f04000 Uncommon trap: reason=unstable_if action=reinterpret pc=0x00000000031f7d08 method=java.util.HashMap.putVal(ILjava/lang/Object;Ljava/lang/Object;ZZ)Ljava/lang/Object; @ 206
Event: 13.298 Thread 0x0000000057f04000 Uncommon trap: reason=unstable_if action=reinterpret pc=0x00000000031ed8d4 method=groovy.lang.MetaClassImpl$1MOPIter.processFastArray(Lorg/codehaus/groovy/util/FastArray;)V @ 94
Event: 13.408 Thread 0x0000000057f04000 Uncommon trap: reason=unstable_if action=reinterpret pc=0x00000000031949f8 method=groovy.lang.MetaClassImpl.findPropertyMethod(Ljava/lang/Object;ZZ)Lgroovy/lang/MetaMethod; @ 207

Internal exceptions (10 events):
Event: 13.639 Thread 0x0000000057f04000 Exception <a 'java/lang/ClassNotFoundException': com/android/build/gradle/internal/SdkHandlerBeanInfo> (0x00000000ee8218d0) thrown at [C:\workspace\8-2-build-windows-amd64-cygwin\jdk8u65\4987\hotspot\src\share\vm\classfile\systemDictionary.cpp, line 210]
Event: 13.639 Thread 0x0000000057f04000 Exception <a 'java/lang/ClassNotFoundException': com/android/build/gradle/internal/SdkHandlerCustomizer> (0x00000000ee82fc60) thrown at [C:\workspace\8-2-build-windows-amd64-cygwin\jdk8u65\4987\hotspot\src\share\vm\classfile\systemDictionary.cpp, line 210]x¼8Î'I+@
Event: 13.643 Thread 0x0000000057f04000 Exception <a 'java/lang/ClassNotFoundException': com/android/SdkConstantsBeanInfo> (0x00000000ee887dd0) thrown at [C:\workspace\8-2-build-windows-amd64-cygwin\jdk8u65\4987\hotspot\src\share\vm\classfile\systemDictionary.cpp, line 210]
Event: 13.643 Thread 0x0000000057f04000 Exception <a 'java/lang/ClassNotFoundException': com/android/SdkConstantsCustomizer> (0x00000000ee893318) thrown at [C:\workspace\8-2-build-windows-amd64-cygwin\jdk8u65\4987\hotspot\src\share\vm\classfile\systemDictionary.cpp, line 210]
Event: 13.645 Thread 0x0000000057f04000 Exception <a 'java/lang/ClassNotFoundException': java/io/FileBeanInfo> (0x00000000ee8f1630) thrown at [C:\workspace\8-2-build-windows-amd64-cygwin\jdk8u65\4987\hotspot\src\share\vm\classfile\systemDictionary.cpp, line 210]
Event: 13.645 Thread 0x0000000057f04000 Exception <a 'java/lang/ClassNotFoundException': java/io/FileCustomizer> (0x00000000ee8f7b98) thrown at [C:\workspace\8-2-build-windows-amd64-cygwin\jdk8u65\4987\hotspot\src\share\vm\classfile\systemDictionary.cpp, line 210]
Event: 13.653 Thread 0x0000000057f04000 Exception <a 'java/lang/ClassNotFoundException': org/gradle/api/internal/file/collections/DefaultConfigurableFileCollectionBeanInfo> (0x00000000ee978850) thrown at [C:\workspace\8-2-build-windows-amd64-cygwin\jdk8u65\4987\hotspot\src\share\vm\classfile\sysm{ý-qN+@
Event: 13.653 Thread 0x0000000057f04000 Exception <a 'java/lang/ClassNotFoundException': org/gradle/api/internal/file/CompositeFileCollectionBeanInfo> (0x00000000ee9a14c0) thrown at [C:\workspace\8-2-build-windows-amd64-cygwin\jdk8u65\4987\hotspot\src\share\vm\classfile\systemDictionary.cpp, linÝÁiÒ¼N+@
Event: 13.654 Thread 0x0000000057f04000 Exception <a 'java/lang/ClassNotFoundException': org/gradle/api/internal/file/CompositeFileCollectionCustomizer> (0x00000000ee9caa38) thrown at [C:\workspace\8-2-build-windows-amd64-cygwin\jdk8u65\4987\hotspot\src\share\vm\classfile\systemDictionary.cpp, lIkÏBO+@
Event: 13.655 Thread 0x0000000057f04000 Exception <a 'java/lang/ClassNotFoundException': org/gradle/api/internal/file/collections/DefaultConfigurableFileCollectionCustomizer> (0x00000000eea0a8e8) thrown at [C:\workspace\8-2-build-windows-amd64-cygwin\jdk8u65\4987\hotspot\src\share\vm\classfile\s¿æ	SG+@

Events (10 events):
Event: 13.683 loading class org/codehaus/groovy/runtime/dgm$5
Event: 13.683 loading class org/codehaus/groovy/runtime/dgm$5 done
Event: 13.697 loading class org/codehaus/groovy/runtime/dgm$4
Event: 13.697 loading class org/codehaus/groovy/runtime/dgm$4 done
Event: 13.698 loading class groovy/lang/GroovyRuntimeException
Event: 13.698 loading class groovy/lang/GroovyRuntimeException done
Event: 13.699 loading class org/codehaus/groovy/runtime/typehandling/DefaultTypeTransformation
Event: 13.699 loading class org/codehaus/groovy/runtime/typehandling/DefaultTypeTransformation done
Event: 13.699 loading class build_umsrzeh9v5a6iw1ls15y83q9$_run_closure2
Event: 13.699 loading class build_umsrzeh9v5a6iw1ls15y83q9$_run_closure2 done


Dynamic libraries:
0x000000013fb80000 - 0x000000013fbb7000 	C:\Program Files\Java\jdk1.8.0_65\bin\java.exe
0x0000000077510000 - 0x00000000776b9000 	C:\Windows\SYSTEM32\ntdll.dll
0x000007fef42c0000 - 0x000007fef42f4000 	C:\Program Files\AVAST Software\Avast\x64\aswhooka.dll
0x00000000773f0000 - 0x0000000077510000 	C:\Windows\system32\kernel32.dll
0x000007fefd330000 - 0x000007fefd39c000 	C:\Windows\system32\KERNELBASE.dll
0x000007fefddd0000 - 0x000007fefdeab000 	C:\Windows\system32\ADVAPI32.dll
0x000007fefdbc0000 - 0x000007fefdc5f000 	C:\Windows\system32\msvcrt.dll
0x000007fefdc70000 - 0x000007fefdc8f000 	C:\Windows\SYSTEM32\sechost.dll
0x000007feff390000 - 0x000007feff4bd000 	C:\Windows\system32\RPCRT4.dll
0x00000000772f0000 - 0x00000000773ea000 	C:\Windows\system32\USER32.dll
0x000007fefdd60000 - 0x000007fefddc7000 	C:\Windows\system32\GDI32.dll
0x000007fefdad0000 - 0x000007fefdade000 	C:\Windows\system32\LPK.dll
0x000007fefdc90000 - 0x000007fefdd59000 	C:\Windows\system32\USP10.dll
0x000007fefbeb0000 - 0x000007fefc0a4000 	C:\Windows\WinSxS\amd64_microsoft.windows.common-controls_6595b64144ccf1df_6.0.7601.18837_none_fa3b1e3d17594757\COMCTL32.dll
0x000007feff310000 - 0x000007feff381000 	C:\Windows\system32\SHLWAPI.dll
0x000007fefe550000 - 0x000007fefe57e000 	C:\Windows\system32\IMM32.DLL
0x000007fefd9c0000 - 0x000007fefdac9000 	C:\Windows\system32\MSCTF.dll
0x000000005be80000 - 0x000000005bf52000 	C:\Program Files\Java\jdk1.8.0_65\jre\bin\msvcr100.dll
0x000000006f670000 - 0x000000006fef9000 	C:\Program Files\Java\jdk1.8.0_65\jre\bin\server\jvm.dll
0x000007fef3b30000 - 0x000007fef3b39000 	C:\Windows\system32\WSOCK32.dll
0x000007feff4c0000 - 0x000007feff50d000 	C:\Windows\system32\WS2_32.dll
0x000007fefdc60000 - 0x000007fefdc68000 	C:\Windows\system32\NSI.dll
0x000007fefa8f0000 - 0x000007fefa92b000 	C:\Windows\system32\WINMM.dll
0x000007fefc3a0000 - 0x000007fefc3ac000 	C:\Windows\system32\VERSION.dll
0x00000000776e0000 - 0x00000000776e7000 	C:\Windows\system32\PSAPI.DLL
0x0000000067ff0000 - 0x0000000067fff000 	C:\Program Files\Java\jdk1.8.0_65\jre\bin\verify.dll
0x0000000067fc0000 - 0x0000000067fe9000 	C:\Program Files\Java\jdk1.8.0_65\jre\bin\java.dll
0x0000000067fa0000 - 0x0000000067fb6000 	C:\Program Files\Java\jdk1.8.0_65\jre\bin\zip.dll
0x000007fefe580000 - 0x000007feff309000 	C:\Windows\system32\SHELL32.dll
0x000007fefd730000 - 0x000007fefd933000 	C:\Windows\system32\ole32.dll
0x000007fefd2c0000 - 0x000007fefd2cf000 	C:\Windows\system32\profapi.dll
0x0000000067cf0000 - 0x0000000067d0a000 	C:\Program Files\Java\jdk1.8.0_65\jre\bin\net.dll
0x000007fefca50000 - 0x000007fefcaa5000 	C:\Windows\system32\mswsock.dll
0x000007fefca40000 - 0x000007fefca47000 	C:\Windows\System32\wship6.dll
0x0000000067cd0000 - 0x0000000067ce1000 	C:\Program Files\Java\jdk1.8.0_65\jre\bin\nio.dll
0x000007feea530000 - 0x000007feea542000 	C:\Users\Simon\.gradle\native\19\windows-amd64\native-platform.dll
0x000007fefa660000 - 0x000007fefa687000 	C:\Windows\system32\IPHLPAPI.DLL
0x000007fefb510000 - 0x000007fefb51b000 	C:\Windows\system32\WINNSI.DLL
0x000007fef9ce0000 - 0x000007fef9cf1000 	C:\Windows\system32\dhcpcsvc6.DLL
0x000007fef9cc0000 - 0x000007fef9cd8000 	C:\Windows\system32\dhcpcsvc.DLL
0x000007fefcab0000 - 0x000007fefcac8000 	C:\Windows\system32\CRYPTSP.dll
0x000007fefc7b0000 - 0x000007fefc7f7000 	C:\Windows\system32\rsaenh.dll
0x000007fefd3b0000 - 0x000007fefd3ce000 	C:\Windows\system32\USERENV.dll
0x000007fefd150000 - 0x000007fefd15f000 	C:\Windows\system32\CRYPTBASE.dll
0x000007fefd0f0000 - 0x000007fefd147000 	C:\Windows\system32\apphelp.dll
0x0000000068000000 - 0x000000006800d000 	C:\Program Files\Java\jdk1.8.0_65\jre\bin\management.dll

VM Arguments:
jvm_args: -XX:MaxPermSize=256m -XX:+HeapDumpOnOutOfMemoryError -Xmx1024m -Dfile.encoding=windows-1252 -Duser.country=US -Duser.language=en -Duser.variant 
java_command: org.gradle.launcher.daemon.bootstrap.GradleDaemon 2.4 C:\Users\Simon\.gradle C:\Users\Simon\.gradle\daemon 10800000 636e3c9a-eb50-4ebb-8cc1-a6f0eb3a4838 -XX:MaxPermSize=256m -XX:+HeapDumpOnOutOfMemoryError -Xmx1024m -Dfile.encoding=windows-1252 -Duser.country=US -Duser.language=en -Duser.variant
java_class_path (initial): C:\Users\Simon\.gradle\wrapper\dists\gradle-2.4-all\6r4uqcc6ovnq6ac6s0txzcpc0\gradle-2.4\lib\gradle-launcher-2.4.jar
Launcher Type: SUN_STANDARD

Environment Variables:
JAVA_HOME=C:\Program Files\Java\jdk1.8.0_65
PATH=C:\ProgramData\Oracle\Java\javapath;C:\Windows\system32;C:\Windows;C:\Windows\System32\Wbem;C:\Windows\System32\WindowsPowerShell\v1.0\;C:\Program Files\Microsoft SQL Server\110\Tools\Binn\;C:\Program Files (x86)\Windows Kits\8.0\Windows Performance Toolkit\;C:\Program Files (x86)\nodejs\;C:\Program Files\Git\cmd;C:\Program Files (x86)\Skype\Phone\;C:\Users\Simon\AppData\Roaming\npm
USERNAME=Simon
OS=Windows_NT
PROCESSOR_IDENTIFIER=Intel64 Family 6 Model 60 Stepping 3, GenuineIntel



---------------  S Y S T E M  ---------------

OS: Windows 7 , 64 bit Build 7601 (6.1.7601.19018)

CPU:total 4 (2 cores per cpu, 2 threads per core) family 6 model 60 stepping 3, cmov, cx8, fxsr, mmx, sse, sse2, sse3, ssse3, sse4.1, sse4.2, popcnt, avx, avx2, aes, clmul, erms, lzcnt, ht, tsc, tscinvbit, bmi1, bmi2

Memory: 4k page, physical 8262064k(871404k free), swap 8260228k(5128k free)

vm_info: Java HotSpot(TM) 64-Bit Server VM (25.65-b01) for windows-amd64 JRE (1.8.0_65-b17), built on Oct  6 2015 16:39:20 by "java_re" with MS VC++ 10.0 (VS2010)

time: Fri Dec 15 15:45:07 2017
elapsed time: 13 seconds (0d 0h 0m 13s)

